f[0][0][6]
f[0][0][22]
f[0][0][30]
f[0][0][44]
f[0][0][46]
f[0][0][50]
f[0][0][52]
f[0][0][54]
f[0][0][58]
f[0][0][60]
f[0][0][62]
f[0][1][0]
f[0][1][4]
f[0][1][20]
f[0][1][28]
f[0][1][44]
f[0][1][48]
f[0][1][52]
f[0][1][56]
f[0][1][60]
f[0][2][0]
f[0][2][2]
f[0][2][18]
f[0][2][26]
f[0][2][40]
f[0][2][48]
f[0][2][50]
f[0][2][56]
f[0][2][58]
f[0][3][4]
f[0][3][6]
f[0][3][18]
f[0][3][20]
f[0][3][22]
f[0][3][32]
f[0][3][48]
f[0][3][50]
f[0][3][52]
f[0][3][54]
f[0][4][2]
f[0][4][4]
f[0][4][6]
f[0][4][12]
f[0][4][14]
f[0][4][32]
f[0][4][40]
f[0][4][44]
f[0][4][46]
f[0][5][0]
f[0][5][12]
f[0][5][14]
f[0][5][18]
f[0][5][20]
f[0][5][22]
f[0][5][26]
f[0][5][28]
f[0][5][30]
f[1][0][0]
f[1][0][4]
f[1][0][20]
f[1][0][28]
f[1][0][44]
f[1][0][48]
f[1][0][52]
f[1][0][56]
f[1][0][60]
f[1][1][5]
f[1][1][20]
f[1][1][21]
f[1][1][28]
f[1][1][29]
f[1][1][45]
f[1][1][49]
f[1][1][53]
f[1][1][57]
f[1][1][60]
f[1][1][61]
f[1][2][0]
f[1][2][1]
f[1][2][16]
f[1][2][24]
f[1][2][41]
f[1][2][49]
f[1][2][56]
f[1][2][57]
f[1][3][4]
f[1][3][5]
f[1][3][16]
f[1][3][20]
f[1][3][21]
f[1][3][33]
f[1][3][37]
f[1][3][48]
f[1][3][49]
f[1][3][52]
f[1][3][53]
f[1][4][0]
f[1][4][4]
f[1][4][5]
f[1][4][12]
f[1][4][13]
f[1][4][33]
f[1][4][37]
f[1][4][41]
f[1][4][44]
f[1][4][45]
f[1][5][1]
f[1][5][5]
f[1][5][12]
f[1][5][13]
f[1][5][16]
f[1][5][20]
f[1][5][21]
f[1][5][24]
f[1][5][28]
f[1][5][29]
f[2][0][0]
f[2][0][2]
f[2][0][18]
f[2][0][26]
f[2][0][40]
f[2][0][48]
f[2][0][50]
f[2][0][56]
f[2][0][58]
f[2][1][0]
f[2][1][1]
f[2][1][16]
f[2][1][24]
f[2][1][41]
f[2][1][49]
f[2][1][56]
f[2][1][57]
f[2][2][3]
f[2][2][18]
f[2][2][19]
f[2][2][24]
f[2][2][26]
f[2][2][27]
f[2][2][41]
f[2][2][43]
f[2][2][49]
f[2][2][51]
f[2][2][56]
f[2][2][57]
f[2][2][58]
f[2][2][59]
f[2][3][0]
f[2][3][16]
f[2][3][18]
f[2][3][19]
f[2][3][33]
f[2][3][35]
f[2][3][48]
f[2][3][49]
f[2][3][50]
f[2][3][51]
f[2][4][0]
f[2][4][2]
f[2][4][3]
f[2][4][8]
f[2][4][33]
f[2][4][35]
f[2][4][40]
f[2][4][41]
f[2][4][43]
f[2][5][1]
f[2][5][3]
f[2][5][8]
f[2][5][16]
f[2][5][18]
f[2][5][19]
f[2][5][24]
f[2][5][26]
f[2][5][27]
f[3][0][4]
f[3][0][6]
f[3][0][18]
f[3][0][20]
f[3][0][22]
f[3][0][32]
f[3][0][48]
f[3][0][50]
f[3][0][52]
f[3][0][54]
f[3][1][4]
f[3][1][5]
f[3][1][16]
f[3][1][20]
f[3][1][21]
f[3][1][33]
f[3][1][37]
f[3][1][48]
f[3][1][49]
f[3][1][52]
f[3][1][53]
f[3][2][0]
f[3][2][16]
f[3][2][18]
f[3][2][19]
f[3][2][33]
f[3][2][35]
f[3][2][48]
f[3][2][49]
f[3][2][50]
f[3][2][51]
f[3][3][20]
f[3][3][22]
f[3][3][23]
f[3][3][37]
f[3][3][39]
f[3][3][48]
f[3][3][51]
f[3][3][52]
f[3][3][53]
f[3][3][54]
f[3][3][55]
f[3][4][0]
f[3][4][4]
f[3][4][6]
f[3][4][7]
f[3][4][32]
f[3][4][35]
f[3][4][37]
f[3][4][39]
f[3][5][0]
f[3][5][5]
f[3][5][7]
f[3][5][16]
f[3][5][19]
f[3][5][20]
f[3][5][21]
f[3][5][22]
f[3][5][23]
f[4][0][2]
f[4][0][4]
f[4][0][6]
f[4][0][12]
f[4][0][14]
f[4][0][32]
f[4][0][40]
f[4][0][44]
f[4][0][46]
f[4][1][0]
f[4][1][4]
f[4][1][5]
f[4][1][12]
f[4][1][13]
f[4][1][33]
f[4][1][37]
f[4][1][41]
f[4][1][44]
f[4][1][45]
f[4][2][0]
f[4][2][2]
f[4][2][3]
f[4][2][8]
f[4][2][33]
f[4][2][35]
f[4][2][40]
f[4][2][41]
f[4][2][43]
f[4][3][0]
f[4][3][4]
f[4][3][6]
f[4][3][7]
f[4][3][32]
f[4][3][35]
f[4][3][37]
f[4][3][39]
f[4][4][6]
f[4][4][7]
f[4][4][12]
f[4][4][14]
f[4][4][15]
f[4][4][35]
f[4][4][37]
f[4][4][39]
f[4][4][40]
f[4][4][43]
f[4][4][44]
f[4][4][45]
f[4][4][46]
f[4][4][47]
f[4][5][0]
f[4][5][3]
f[4][5][5]
f[4][5][7]
f[4][5][8]
f[4][5][12]
f[4][5][13]
f[4][5][14]
f[4][5][15]
f[5][0][0]
f[5][0][12]
f[5][0][14]
f[5][0][18]
f[5][0][20]
f[5][0][22]
f[5][0][26]
f[5][0][28]
f[5][0][30]
f[5][1][1]
f[5][1][5]
f[5][1][12]
f[5][1][13]
f[5][1][16]
f[5][1][20]
f[5][1][21]
f[5][1][24]
f[5][1][28]
f[5][1][29]
f[5][2][1]
f[5][2][3]
f[5][2][8]
f[5][2][16]
f[5][2][18]
f[5][2][19]
f[5][2][24]
f[5][2][26]
f[5][2][27]
f[5][3][0]
f[5][3][5]
f[5][3][7]
f[5][3][16]
f[5][3][19]
f[5][3][20]
f[5][3][21]
f[5][3][22]
f[5][3][23]
f[5][4][0]
f[5][4][3]
f[5][4][5]
f[5][4][7]
f[5][4][8]
f[5][4][12]
f[5][4][13]
f[5][4][14]
f[5][4][15]
f[5][5][13]
f[5][5][15]
f[5][5][19]
f[5][5][21]
f[5][5][23]
f[5][5][24]
f[5][5][27]
f[5][5][28]
f[5][5][29]
f[5][5][30]
f[5][5][31]
7
